<?xml version="1.0" encoding="UTF-8"?>
<!-- Generated by org.testng.reporters.JUnitReportReporter -->
<testsuite skipped="0" hostname="Tadewuyi" name="com.nopcommerce.testCase.TC_LoginTest_0001" tests="1" failures="0" timestamp="07 Jul 2020 07:04:03 GMT" time="17.621" errors="0">
  <testcase name="loginTest" time="17.621" classname="com.nopcommerce.testCase.TC_LoginTest_0001"/>
</testsuite> <!-- com.nopcommerce.testCase.TC_LoginTest_0001 -->
